<?xml version="1.0" encoding="UTF-8"?>
<!-- Generated by org.testng.reporters.JUnitXMLReporter -->
<testsuite ignored="1" hostname="DESKTOP-4L121G8" failures="0" tests="1" name="Error Validation Test" time="6.262" errors="0" timestamp="2024-07-27T19:18:03 IST">
  <testcase classname="rahulshettyacademy.Test.ErrorValidation" name="LoginErrorValidation" time="1.33"/>
  <testcase classname="rahulshettyacademy.Test.ErrorValidation" name="ProductErrorValidation" time="0.0">
    <ignored/>
  </testcase> <!-- ProductErrorValidation -->
</testsuite> <!-- Error Validation Test -->
