<?xml version="1.0" encoding="UTF-8"?>
<testng-results ignored="3" total="4" passed="1" failed="0" skipped="0">
  <reporter-output>
  </reporter-output>
  <suite started-at="2024-07-27T19:17:57 IST" name="Suite" finished-at="2024-07-27T19:18:03 IST" duration-ms="6262">
    <groups>
      <group name="errorhandling">
        <method signature="ErrorValidation.LoginErrorValidation()[pri:0, instance:rahulshettyacademy.Test.ErrorValidation@2e385cce]" name="LoginErrorValidation" class="rahulshettyacademy.Test.ErrorValidation"/>
      </group> <!-- errorhandling -->
    </groups>
    <test started-at="2024-07-27T19:17:57 IST" name="submit order test" finished-at="2024-07-27T19:17:57 IST" duration-ms="21">
    </test> <!-- submit order test -->
    <test started-at="2024-07-27T19:17:57 IST" name="Error Validation Test" finished-at="2024-07-27T19:18:03 IST" duration-ms="6262">
      <class name="rahulshettyacademy.Test.ErrorValidation">
        <test-method is-config="true" signature="launchApplication()[pri:0, instance:rahulshettyacademy.Test.ErrorValidation@2e385cce]" started-at="2024-07-27T19:17:57 IST" name="launchApplication" finished-at="2024-07-27T19:18:02 IST" duration-ms="4857" status="PASS">
          <reporter-output>
          </reporter-output>
        </test-method> <!-- launchApplication -->
        <test-method signature="LoginErrorValidation()[pri:0, instance:rahulshettyacademy.Test.ErrorValidation@2e385cce]" started-at="2024-07-27T19:18:02 IST" name="LoginErrorValidation" finished-at="2024-07-27T19:18:03 IST" duration-ms="1330" status="PASS">
          <reporter-output>
          </reporter-output>
        </test-method> <!-- LoginErrorValidation -->
      </class> <!-- rahulshettyacademy.Test.ErrorValidation -->
    </test> <!-- Error Validation Test -->
  </suite> <!-- Suite -->
</testng-results>
